<?xml version="1.0" encoding="UTF-8"?>
<!-- Generated by org.testng.reporters.JUnitXMLReporter -->
<testsuite hostname="LAPTOP-JEI8AS0O" ignored="0" name="Test" tests="6" failures="1" timestamp="2022-05-29T16:02:23 EDT" time="41.486" errors="0">
  <testcase name="loginSuccessfull_001" time="3.049" classname="testcases.LoginTest"/>
  <testcase name="loginUnsuccessful_002" time="16.617" classname="testcases.LoginTest"/>
  <testcase name="getDashboardQuickLaunchItemsCount" time="0.321" classname="testcases.DashboardTest"/>
  <testcase name="getDashboardQuickLaunchItems" time="0.293" classname="testcases.DashboardTest"/>
  <testcase name="getMyInfoItemsCount" time="0.056" classname="testcases.MyInfoTest">
    <failure type="java.lang.AssertionError" message="expected [false] but found [true]">
      <![CDATA[java.lang.AssertionError: expected [false] but found [true]
at testcases.MyInfoTest.getMyInfoItemsCount(MyInfoTest.java:29)
at java.util.ArrayList.forEach(ArrayList.java:1259)
... Removed 31 stack frames]]>
    </failure>
  </testcase> <!-- getMyInfoItemsCount -->
  <testcase name="getMyInfoItems" time="0.0" classname="testcases.MyInfoTest">
    <skipped/>
  </testcase> <!-- getMyInfoItems -->
</testsuite> <!-- Test -->
