<?xml version="1.0" encoding="UTF-8"?>
<!-- Generated by org.testng.reporters.JUnitXMLReporter -->
<testsuite hostname="LAPTOP-JEI8AS0O" ignored="0" name="Test" tests="6" failures="0" timestamp="2022-05-29T16:16:18 EDT" time="46.03" errors="0">
  <testcase name="loginSuccessfull_001" time="3.129" classname="testcases.LoginTest"/>
  <testcase name="loginUnsuccessful_002" time="16.714" classname="testcases.LoginTest"/>
  <testcase name="getDashboardQuickLaunchItemsCount" time="0.471" classname="testcases.DashboardTest"/>
  <testcase name="getDashboardQuickLaunchItems" time="0.26" classname="testcases.DashboardTest"/>
  <testcase name="getMyInfoItemsCount" time="1.56" classname="testcases.MyInfoTest"/>
  <testcase name="getMyInfoItems" time="1.032" classname="testcases.MyInfoTest"/>
</testsuite> <!-- Test -->
