<?xml version="1.0" encoding="UTF-8"?>
<testsuite xmlns:xsi="http://www.w3.org/2001/XMLSchema-instance" xsi:noNamespaceSchemaLocation="https://maven.apache.org/surefire/maven-surefire-plugin/xsd/surefire-test-report.xsd" name="TestSuite" time="48.112" tests="6" errors="0" skipped="0" failures="0">
  <properties>
[...]
</properties>
  <testcase name="loginSuccessfull_001" classname="testcases.LoginTest" time="3.131"/>
  <testcase name="loginUnsuccessful_002" classname="testcases.LoginTest" time="16.714"/>
  <testcase name="getDashboardQuickLaunchItemsCount" classname="testcases.DashboardTest" time="0.471"/>
  <testcase name="getDashboardQuickLaunchItems" classname="testcases.DashboardTest" time="0.261"/>
  <testcase name="getMyInfoItemsCount" classname="testcases.MyInfoTest" time="1.554"/>
  <testcase name="getMyInfoItems" classname="testcases.MyInfoTest" time="1.033"/>
</testsuite>